Build started 2013-03-06 23:47:09.
     1>Project "C:\Users\Sixten\Documents\Visual Studio 2010\Projects\Ultra3DEngine\glew\build\vc10\glew_shared.vcxproj" on node 2 (build target(s)).
     1>InitializeBuildStatus:
         Creating "shared/debug/glew_shared.unsuccessfulbuild" because "AlwaysCreate" was specified.
       ClCompile:
         c:\Program Files (x86)\Microsoft Visual Studio 10.0\VC\bin\CL.exe /c /I../../include /Zi /nologo /W3 /WX- /Od /Oy- /D WIN32 /D WIN32_MEAN_AND_LEAN /D VC_EXTRALEAN /D GLEW_BUILD /D _VC80_UPGRADE=0x0600 /D _WINDLL /Gm- /EHsc /RTC1 /MDd /GS /Gy- /fp:precise /Zc:wchar_t /Zc:forScope /Fo".\shared/debug\\" /Fd".\shared/debug\vc100.pdb" /Gd /TC /analyze- /errorReport:prompt ..\..\src\glew.c
         glew.c
       ResourceCompile:
         C:\Program Files (x86)\Microsoft SDKs\Windows\v7.0A\bin\rc.exe /D _DEBUG /D _VC80_UPGRADE=0x0600 /l"0x0409" /nologo /fo"shared/debug/glew.res" ..\glew.rc 
       Link:
         c:\Program Files (x86)\Microsoft Visual Studio 10.0\VC\bin\link.exe /ERRORREPORT:PROMPT /OUT:"../../bin/glew32d.dll" /INCREMENTAL:NO /NOLOGO opengl32.lib kernel32.lib user32.lib gdi32.lib winspool.lib comdlg32.lib advapi32.lib shell32.lib ole32.lib oleaut32.lib uuid.lib odbc32.lib odbccp32.lib /MANIFEST /ManifestFile:"shared/debug/glew32d.dll.intermediate.manifest" /MANIFESTUAC:"level='asInvoker' uiAccess='false'" /DEBUG /PDB:"C:\Users\Sixten\Documents\Visual Studio 2010\Projects\Ultra3DEngine\glew\bin\glew32d.pdb" /SUBSYSTEM:CONSOLE /TLBID:1 /BASE:"0x62AA0000" /DYNAMICBASE /NXCOMPAT /IMPLIB:".\../../lib\glew32d.lib" /MACHINE:X86 /DLL shared/debug/glew.res
         .\shared/debug\glew.obj
            Creating library .\../../lib\glew32d.lib and object .\../../lib\glew32d.exp
         glew_shared.vcxproj -> C:\Users\Sixten\Documents\Visual Studio 2010\Projects\Ultra3DEngine\glew\build\vc10\../../bin/glew32d.dll
       Manifest:
         C:\Program Files (x86)\Microsoft SDKs\Windows\v7.0A\bin\mt.exe /nologo /verbose /outputresource:"../../bin/glew32d.dll;#2" /manifest shared/debug/glew32d.dll.intermediate.manifest
       FinalizeBuildStatus:
         Deleting file "shared/debug/glew_shared.unsuccessfulbuild".
         Touching "shared/debug/glew_shared.lastbuildstate".
     1>Done Building Project "C:\Users\Sixten\Documents\Visual Studio 2010\Projects\Ultra3DEngine\glew\build\vc10\glew_shared.vcxproj" (build target(s)).

Build succeeded.

Time Elapsed 00:00:00.83
