Build started 2013-04-16 22:52:11.
     1>Project "C:\Users\Sixten\Documents\Development\goGLPro\pkg\glew\build\vc10\glew_shared.vcxproj" on node 2 (build target(s)).
     1>InitializeBuildStatus:
         Creating "shared/release/glew_shared.unsuccessfulbuild" because "AlwaysCreate" was specified.
       ClCompile:
         c:\Program Files (x86)\Microsoft Visual Studio 10.0\VC\bin\CL.exe /c /I../../include /Zi /nologo /W3 /WX- /O2 /Ob1 /Oy- /D WIN32 /D WIN32_LEAN_AND_MEAN /D VC_EXTRALEAN /D GLEW_BUILD /D _VC80_UPGRADE=0x0600 /D _WINDLL /GF /Gm- /EHsc /MT /GS /Gy /fp:precise /Zc:wchar_t /Zc:forScope /Fo".\shared/release\\" /Fd".\shared/release\vc100.pdb" /Gd /TC /analyze- /errorReport:prompt ..\..\src\glew.c
         glew.c
       ResourceCompile:
         C:\Program Files (x86)\Microsoft SDKs\Windows\v7.0A\bin\rc.exe /D NDEBUG /D _VC80_UPGRADE=0x0600 /l"0x0409" /nologo /fo"shared/release/glew.res" ..\glew.rc 
       Link:
         c:\Program Files (x86)\Microsoft Visual Studio 10.0\VC\bin\link.exe /ERRORREPORT:PROMPT /OUT:"../../bin/glew32.dll" /INCREMENTAL:NO /NOLOGO opengl32.lib kernel32.lib user32.lib gdi32.lib winspool.lib comdlg32.lib advapi32.lib shell32.lib ole32.lib oleaut32.lib uuid.lib odbc32.lib odbccp32.lib /MANIFEST /ManifestFile:"shared/release/glew32.dll.intermediate.manifest" /MANIFESTUAC:"level='asInvoker' uiAccess='false'" /PDB:"C:\Users\Sixten\Documents\Development\goGLPro\pkg\glew\bin\glew32.pdb" /SUBSYSTEM:CONSOLE /TLBID:1 /BASE:"0x62AA0000" /DYNAMICBASE /NXCOMPAT /IMPLIB:".\../../lib\glew32.lib" /MACHINE:X86 /DLL shared/release/glew.res
         .\shared/release\glew.obj  /ignore:4089
            Creating library .\../../lib\glew32.lib and object .\../../lib\glew32.exp
         glew_shared.vcxproj -> C:\Users\Sixten\Documents\Development\goGLPro\pkg\glew\build\vc10\../../bin/glew32.dll
       Manifest:
         C:\Program Files (x86)\Microsoft SDKs\Windows\v7.0A\bin\mt.exe /nologo /verbose /outputresource:"../../bin/glew32.dll;#2" /manifest shared/release/glew32.dll.intermediate.manifest
       FinalizeBuildStatus:
         Deleting file "shared/release/glew_shared.unsuccessfulbuild".
         Touching "shared/release/glew_shared.lastbuildstate".
     1>Done Building Project "C:\Users\Sixten\Documents\Development\goGLPro\pkg\glew\build\vc10\glew_shared.vcxproj" (build target(s)).

Build succeeded.

Time Elapsed 00:00:02.33
